0 info it worked if it ends with ok
1 verbose cli [ 'C:\\Program Files (x86)\\nodejs\\node.exe',
1 verbose cli   'C:\\Program Files (x86)\\nodejs\\node_modules\\npm\\bin\\npm-cli.js',
1 verbose cli   'run',
1 verbose cli   'dist' ]
2 info using npm@3.10.8
3 info using node@v6.8.1
4 verbose run-script [ 'predist', 'dist', 'postdist' ]
5 info lifecycle WTheme@1.0.0~predist: WTheme@1.0.0
6 silly lifecycle WTheme@1.0.0~predist: no script for predist, continuing
7 info lifecycle WTheme@1.0.0~dist: WTheme@1.0.0
8 verbose lifecycle WTheme@1.0.0~dist: unsafe-perm in lifecycle true
9 verbose lifecycle WTheme@1.0.0~dist: PATH: C:\Program Files (x86)\nodejs\node_modules\npm\bin\node-gyp-bin;D:\electron\WTheme\node_modules\.bin;C:\Users\REDPAGE\AppData\Roaming\npm;C:\Program Files (x86)\nodejs\;C:\WINDOWS\system32;C:\WINDOWS;C:\WINDOWS\System32\Wbem;C:\WINDOWS\System32\WindowsPowerShell\v1.0\;C:\WINDOWS\system32\config\systemprofile\.dnx\bin;C:\Program Files\Microsoft DNX\Dnvm\;C:\Program Files\Microsoft SQL Server\120\Tools\Binn\;C:\Program Files\Microsoft SQL Server\130\Tools\Binn\;C:\Program Files (x86)\Microsoft Emulator Manager\1.0\;C:\Program Files\Git\cmd;C:\Program Files (x86)\Windows Kits\10\Windows Performance Toolkit\;C:\Program Files (x86)\VisualSVN\bin;C:\Program Files\TortoiseSVN\bin;C:\Program Files\Microsoft SQL Server\110\Tools\Binn\;C:\Program Files (x86)\Microsoft SDKs\TypeScript\1.0\;C:\Program Files (x86)\nodejs\;C:\Program Files (x86)\Android\android-sdk;C:\Program Files (x86)\CMake\bin;C:\Program Files (x86)\Bitvise SSH Client;D:\Sencha\Cmd;C:\Users\REDPAGE\AppData\Local\Microsoft\WindowsApps;C:\Users\REDPAGE\AppData\Roaming\npm;C:\Program Files (x86)\Android\android-sdk;C:\Program Files\Java\jdk1.7.0_79\bin;C:\Python27;C:\Python27\Scripts;C:\Users\REDPAGE\AppData\Local\atom\bin;C:\Program Files (x86)\Microsoft VS Code\bin
10 verbose lifecycle WTheme@1.0.0~dist: CWD: D:\electron\WTheme
11 silly lifecycle WTheme@1.0.0~dist: Args: [ '/d /s /c', 'build -mwl --x64' ]
12 silly lifecycle WTheme@1.0.0~dist: Returned: code: 4294967295  signal: null
13 info lifecycle WTheme@1.0.0~dist: Failed to exec dist script
14 verbose stack Error: WTheme@1.0.0 dist: `build -mwl --x64`
14 verbose stack Exit status 4294967295
14 verbose stack     at EventEmitter.<anonymous> (C:\Program Files (x86)\nodejs\node_modules\npm\lib\utils\lifecycle.js:255:16)
14 verbose stack     at emitTwo (events.js:106:13)
14 verbose stack     at EventEmitter.emit (events.js:191:7)
14 verbose stack     at ChildProcess.<anonymous> (C:\Program Files (x86)\nodejs\node_modules\npm\lib\utils\spawn.js:40:14)
14 verbose stack     at emitTwo (events.js:106:13)
14 verbose stack     at ChildProcess.emit (events.js:191:7)
14 verbose stack     at maybeClose (internal/child_process.js:877:16)
14 verbose stack     at Process.ChildProcess._handle.onexit (internal/child_process.js:226:5)
15 verbose pkgid WTheme@1.0.0
16 verbose cwd D:\electron\WTheme
17 error Windows_NT 10.0.14393
18 error argv "C:\\Program Files (x86)\\nodejs\\node.exe" "C:\\Program Files (x86)\\nodejs\\node_modules\\npm\\bin\\npm-cli.js" "run" "dist"
19 error node v6.8.1
20 error npm  v3.10.8
21 error code ELIFECYCLE
22 error WTheme@1.0.0 dist: `build -mwl --x64`
22 error Exit status 4294967295
23 error Failed at the WTheme@1.0.0 dist script 'build -mwl --x64'.
23 error Make sure you have the latest version of node.js and npm installed.
23 error If you do, this is most likely a problem with the WTheme package,
23 error not with npm itself.
23 error Tell the author that this fails on your system:
23 error     build -mwl --x64
23 error You can get information on how to open an issue for this project with:
23 error     npm bugs WTheme
23 error Or if that isn't available, you can get their info via:
23 error     npm owner ls WTheme
23 error There is likely additional logging output above.
24 verbose exit [ 1, true ]
